#
# A fatal error has been detected by the Java Runtime Environment:
#
#  EXCEPTION_UNCAUGHT_CXX_EXCEPTION (0xe06d7363) at pc=0x000007fefd11a06d, pid=9052, tid=2076
#
# JRE version: Java(TM) SE Runtime Environment (8.0_60-b27) (build 1.8.0_60-b27)
# Java VM: Java HotSpot(TM) 64-Bit Server VM (25.60-b23 mixed mode windows-amd64 compressed oops)
# Problematic frame:
# C  [KERNELBASE.dll+0x1a06d]
#
# Failed to write core dump. Minidumps are not enabled by default on client versions of Windows
#
# If you would like to submit a bug report, please visit:
#   http://bugreport.java.com/bugreport/crash.jsp
# The crash happened outside the Java Virtual Machine in native code.
# See problematic frame for where to report the bug.
#

---------------  T H R E A D  ---------------

Current thread (0x000000001d547000):  JavaThread "AWT-EventQueue-0" [_thread_in_native, id=2076, stack(0x0000000020d80000,0x0000000020e80000)]

siginfo: ExceptionCode=0xe06d7363, ExceptionInformation=0x0000000019930520 0x0000000020e790d8 0x0000000079e77988 0x0000000079ac0000 

Registers:
RAX=0x0000000057ec105b, RBX=0x0000000020e790d8, RCX=0x0000000020e78930, RDX=0x00000000000000d0
RSP=0x0000000020e78f40, RBP=0x0000000020e79070, RSI=0x0000000000000003, RDI=0x0000000079e77988
R8 =0x0000000000000000, R9 =0x0000000000000000, R10=0x0000000079ac0000, R11=0x0000000020e78f80
R12=0x0000000020e792f8, R13=0x0000000022d50c18, R14=0x0000000020e793e0, R15=0x000000001d547000
RIP=0x000007fefd11a06d, EFLAGS=0x0000000000000202

Top of Stack: (sp=0x0000000020e78f40)
0x0000000020e78f40:   0000000020e790d8 0000000000000003
0x0000000020e78f50:   0000000079e77988 0000000055b78d17
0x0000000020e78f60:   00000001e06d7363 0000000000000000
0x0000000020e78f70:   000007fefd11a06d 0000000000000004
0x0000000020e78f80:   0000000019930520 0000000020e790d8
0x0000000020e78f90:   0000000079e77988 0000000079ac0000
0x0000000020e78fa0:   0000000000000000 0000000020e79028
0x0000000020e78fb0:   000000001db14318 0000000055b45e48
0x0000000020e78fc0:   00000000206cceb0 000000001db11f88
0x0000000020e78fd0:   0000000000000000 0000000000000000
0x0000000020e78fe0:   0000000020e793e0 0000000022d50c18
0x0000000020e78ff0:   0000000020e792f8 0000000079e77988
0x0000000020e79000:   0000000000000003 0000000055b714f1
0x0000000020e79010:   0000000020e790d8 0000000020e79080
0x0000000020e79020:   0000000000000001 0000000079ac0128
0x0000000020e79030:   00000001e06d7363 0000000000000000 

Instructions: (pc=0x000007fefd11a06d)
0x000007fefd11a04d:   54 24 24 48 89 4c 24 28 4d 85 c9 0f 85 6a 03 00
0x000007fefd11a05d:   00 89 4c 24 38 48 8d 4c 24 20 ff 15 33 02 03 00
0x000007fefd11a06d:   48 81 c4 c8 00 00 00 c3 90 90 90 90 90 90 90 90
0x000007fefd11a07d:   90 90 90 48 83 ec 28 65 48 8b 04 25 30 00 00 00 


Register to memory mapping:

RAX=0x0000000057ec105b is an unknown value
RBX=0x0000000020e790d8 is pointing into the stack for thread: 0x000000001d547000
RCX=0x0000000020e78930 is pointing into the stack for thread: 0x000000001d547000
RDX=0x00000000000000d0 is an unknown value
RSP=0x0000000020e78f40 is pointing into the stack for thread: 0x000000001d547000
RBP=0x0000000020e79070 is pointing into the stack for thread: 0x000000001d547000
RSI=0x0000000000000003 is an unknown value
RDI=0x0000000079e77988 is an unknown value
R8 =0x0000000000000000 is an unknown value
R9 =0x0000000000000000 is an unknown value
R10=0x0000000079ac0000 is an unknown value
R11=0x0000000020e78f80 is pointing into the stack for thread: 0x000000001d547000
R12=0x0000000020e792f8 is pointing into the stack for thread: 0x000000001d547000
R13={method} {0x0000000022d50c20} 'createShortCut' '(Ljava/lang/String;Ljava/lang/String;Ljava/lang/String;)Z' in 'cn/hisdar/lib/local/Windows'
R14=0x0000000020e793e0 is pointing into the stack for thread: 0x000000001d547000
R15=0x000000001d547000 is a thread


Stack: [0x0000000020d80000,0x0000000020e80000],  sp=0x0000000020e78f40,  free space=995k
Native frames: (J=compiled Java code, j=interpreted, Vv=VM code, C=native code)
C  [KERNELBASE.dll+0x1a06d]
C  [msvcr100.dll+0x614f1]
C  [mfc100u.dll+0x210149]
C  [mfc100u.dll+0x20ac00]
C  [mfc100u.dll+0x20aada]
C  [JNI-Windows_x64.dll+0x1120]  HFile::GetFileName+0x60
C  [JNI-Windows_x64.dll+0x1235]  HFile::GetFileNameNoExtend+0x45
C  [JNI-Windows_x64.dll+0x14ce]  HShortCut::CreateShortCut+0xae
C  [JNI-Windows_x64.dll+0x19ef]  Java_cn_hisdar_lib_local_Windows_createShortCut+0xef
C  0x0000000002973b54

Java frames: (J=compiled Java code, j=interpreted, Vv=VM code)
j  cn.hisdar.lib.local.Windows.createShortCut(Ljava/lang/String;Ljava/lang/String;Ljava/lang/String;)Z+0
j  cn.hisdar.computerremote.setting.ComputerRemoteSettingDialog.setAutoStart()Z+101
j  cn.hisdar.computerremote.setting.ComputerRemoteSettingDialog.actionPerformed(Ljava/awt/event/ActionEvent;)V+39
j  javax.swing.AbstractButton.fireActionPerformed(Ljava/awt/event/ActionEvent;)V+83
j  javax.swing.AbstractButton$Handler.actionPerformed(Ljava/awt/event/ActionEvent;)V+5
j  javax.swing.DefaultButtonModel.fireActionPerformed(Ljava/awt/event/ActionEvent;)V+34
j  javax.swing.JToggleButton$ToggleButtonModel.setPressed(Z)V+148
j  javax.swing.plaf.basic.BasicButtonListener.mouseReleased(Ljava/awt/event/MouseEvent;)V+35
j  java.awt.Component.processMouseEvent(Ljava/awt/event/MouseEvent;)V+64
j  javax.swing.JComponent.processMouseEvent(Ljava/awt/event/MouseEvent;)V+23
J 1118 C1 java.awt.Component.processEvent(Ljava/awt/AWTEvent;)V (220 bytes) @ 0x0000000002d3bb24 [0x0000000002d3b600+0x524]
J 1117 C1 java.awt.Container.processEvent(Ljava/awt/AWTEvent;)V (22 bytes) @ 0x0000000002d3b14c [0x0000000002d3ae20+0x32c]
J 1108 C1 java.awt.Component.dispatchEventImpl(Ljava/awt/AWTEvent;)V (883 bytes) @ 0x0000000002d12e6c [0x0000000002d0d940+0x552c]
J 946 C1 java.awt.Container.dispatchEventImpl(Ljava/awt/AWTEvent;)V (129 bytes) @ 0x0000000002caf48c [0x0000000002caf340+0x14c]
J 945 C1 java.awt.Component.dispatchEvent(Ljava/awt/AWTEvent;)V (6 bytes) @ 0x0000000002caefc4 [0x0000000002caeec0+0x104]
j  java.awt.LightweightDispatcher.retargetMouseEvent(Ljava/awt/Component;ILjava/awt/event/MouseEvent;)V+327
J 1129 C1 java.awt.LightweightDispatcher.processMouseEvent(Ljava/awt/event/MouseEvent;)Z (286 bytes) @ 0x0000000002d48d1c [0x0000000002d475c0+0x175c]
j  java.awt.LightweightDispatcher.dispatchEvent(Ljava/awt/AWTEvent;)Z+50
J 946 C1 java.awt.Container.dispatchEventImpl(Ljava/awt/AWTEvent;)V (129 bytes) @ 0x0000000002caf42c [0x0000000002caf340+0xec]
j  java.awt.Window.dispatchEventImpl(Ljava/awt/AWTEvent;)V+19
J 982 C1 java.awt.EventQueue.dispatchEventImpl(Ljava/awt/AWTEvent;Ljava/lang/Object;)V (149 bytes) @ 0x0000000002cc20b4 [0x0000000002cc0020+0x2094]
J 980 C1 java.awt.EventQueue$3.run()Ljava/lang/Void; (60 bytes) @ 0x0000000002cbf31c [0x0000000002cbf100+0x21c]
J 979 C1 java.awt.EventQueue$3.run()Ljava/lang/Object; (5 bytes) @ 0x0000000002cbed8c [0x0000000002cbed00+0x8c]
v  ~StubRoutines::call_stub
J 893  java.security.AccessController.doPrivileged(Ljava/security/PrivilegedAction;Ljava/security/AccessControlContext;)Ljava/lang/Object; (0 bytes) @ 0x0000000002c8c326 [0x0000000002c8c2c0+0x66]
J 1097 C1 java.awt.EventQueue$4.run()Ljava/lang/Object; (5 bytes) @ 0x0000000002d00b34 [0x0000000002d00700+0x434]
v  ~StubRoutines::call_stub
J 893  java.security.AccessController.doPrivileged(Ljava/security/PrivilegedAction;Ljava/security/AccessControlContext;)Ljava/lang/Object; (0 bytes) @ 0x0000000002c8c326 [0x0000000002c8c2c0+0x66]
J 928 C1 java.awt.EventQueue.dispatchEvent(Ljava/awt/AWTEvent;)V (80 bytes) @ 0x0000000002c9ed3c [0x0000000002c9de80+0xebc]
J 930 C1 java.awt.EventDispatchThread.pumpOneEventForFilters(I)V (295 bytes) @ 0x0000000002ca1f0c [0x0000000002ca0380+0x1b8c]
j  java.awt.EventDispatchThread.pumpEventsForFilter(ILjava/awt/Conditional;Ljava/awt/EventFilter;)V+35
j  java.awt.EventDispatchThread.pumpEventsForFilter(Ljava/awt/Conditional;Ljava/awt/EventFilter;)V+4
j  java.awt.WaitDispatchSupport$2.run()V+59
j  java.awt.WaitDispatchSupport$4.run()Ljava/lang/Void;+4
j  java.awt.WaitDispatchSupport$4.run()Ljava/lang/Object;+1
v  ~StubRoutines::call_stub
J 418  java.security.AccessController.doPrivileged(Ljava/security/PrivilegedAction;)Ljava/lang/Object; (0 bytes) @ 0x0000000002b3b712 [0x0000000002b3b6c0+0x52]
j  java.awt.WaitDispatchSupport.enter()Z+279
j  java.awt.Dialog.show()V+233
j  java.awt.Component.show(Z)V+5
j  java.awt.Component.setVisible(Z)V+2
j  java.awt.Window.setVisible(Z)V+2
j  java.awt.Dialog.setVisible(Z)V+2
j  cn.hisdar.computerremote.ServerControlerView.actionPerformed(Ljava/awt/event/ActionEvent;)V+109
j  javax.swing.AbstractButton.fireActionPerformed(Ljava/awt/event/ActionEvent;)V+83
j  javax.swing.AbstractButton$Handler.actionPerformed(Ljava/awt/event/ActionEvent;)V+5
j  javax.swing.DefaultButtonModel.fireActionPerformed(Ljava/awt/event/ActionEvent;)V+34
j  javax.swing.DefaultButtonModel.setPressed(Z)V+117
j  javax.swing.plaf.basic.BasicButtonListener.mouseReleased(Ljava/awt/event/MouseEvent;)V+35
j  java.awt.Component.processMouseEvent(Ljava/awt/event/MouseEvent;)V+64
j  javax.swing.JComponent.processMouseEvent(Ljava/awt/event/MouseEvent;)V+23
j  java.awt.Component.processEvent(Ljava/awt/AWTEvent;)V+81
j  java.awt.Container.processEvent(Ljava/awt/AWTEvent;)V+18
j  java.awt.Component.dispatchEventImpl(Ljava/awt/AWTEvent;)V+589
J 946 C1 java.awt.Container.dispatchEventImpl(Ljava/awt/AWTEvent;)V (129 bytes) @ 0x0000000002caf48c [0x0000000002caf340+0x14c]
J 945 C1 java.awt.Component.dispatchEvent(Ljava/awt/AWTEvent;)V (6 bytes) @ 0x0000000002caefc4 [0x0000000002caeec0+0x104]
j  java.awt.LightweightDispatcher.retargetMouseEvent(Ljava/awt/Component;ILjava/awt/event/MouseEvent;)V+327
j  java.awt.LightweightDispatcher.processMouseEvent(Ljava/awt/event/MouseEvent;)Z+155
j  java.awt.LightweightDispatcher.dispatchEvent(Ljava/awt/AWTEvent;)Z+50
J 946 C1 java.awt.Container.dispatchEventImpl(Ljava/awt/AWTEvent;)V (129 bytes) @ 0x0000000002caf42c [0x0000000002caf340+0xec]
j  java.awt.Window.dispatchEventImpl(Ljava/awt/AWTEvent;)V+19
J 982 C1 java.awt.EventQueue.dispatchEventImpl(Ljava/awt/AWTEvent;Ljava/lang/Object;)V (149 bytes) @ 0x0000000002cc20b4 [0x0000000002cc0020+0x2094]
J 980 C1 java.awt.EventQueue$3.run()Ljava/lang/Void; (60 bytes) @ 0x0000000002cbf31c [0x0000000002cbf100+0x21c]
J 979 C1 java.awt.EventQueue$3.run()Ljava/lang/Object; (5 bytes) @ 0x0000000002cbed8c [0x0000000002cbed00+0x8c]
v  ~StubRoutines::call_stub
J 893  java.security.AccessController.doPrivileged(Ljava/security/PrivilegedAction;Ljava/security/AccessControlContext;)Ljava/lang/Object; (0 bytes) @ 0x0000000002c8c326 [0x0000000002c8c2c0+0x66]
J 895 C1 java.security.ProtectionDomain$JavaSecurityAccessImpl.doIntersectionPrivilege(Ljava/security/PrivilegedAction;Ljava/security/AccessControlContext;Ljava/security/AccessControlContext;)Ljava/lang/Object; (22 bytes) @ 0x0000000002c8cdfc [0x0000000002c8c980+0x47c]
j  java.security.ProtectionDomain$JavaSecurityAccessImpl.doIntersectionPrivilege(Ljava/security/PrivilegedAction;Ljava/security/AccessControlContext;)Ljava/lang/Object;+6
j  java.awt.EventQueue$4.run()Ljava/lang/Void;+11
j  java.awt.EventQueue$4.run()Ljava/lang/Object;+1
v  ~StubRoutines::call_stub
J 893  java.security.AccessController.doPrivileged(Ljava/security/PrivilegedAction;Ljava/security/AccessControlContext;)Ljava/lang/Object; (0 bytes) @ 0x0000000002c8c326 [0x0000000002c8c2c0+0x66]
J 928 C1 java.awt.EventQueue.dispatchEvent(Ljava/awt/AWTEvent;)V (80 bytes) @ 0x0000000002c9ed3c [0x0000000002c9de80+0xebc]
J 930 C1 java.awt.EventDispatchThread.pumpOneEventForFilters(I)V (295 bytes) @ 0x0000000002ca1f0c [0x0000000002ca0380+0x1b8c]
j  java.awt.EventDispatchThread.pumpEventsForFilter(ILjava/awt/Conditional;Ljava/awt/EventFilter;)V+35
j  java.awt.EventDispatchThread.pumpEventsForHierarchy(ILjava/awt/Conditional;Ljava/awt/Component;)V+11
j  java.awt.EventDispatchThread.pumpEvents(ILjava/awt/Conditional;)V+4
j  java.awt.EventDispatchThread.pumpEvents(Ljava/awt/Conditional;)V+3
j  java.awt.EventDispatchThread.run()V+9
v  ~StubRoutines::call_stub

---------------  P R O C E S S  ---------------

Java Threads: ( => current thread )
  0x000000001d804800 JavaThread "D3D Screen Updater" daemon [_thread_blocked, id=6412, stack(0x0000000024c00000,0x0000000024d00000)]
  0x000000000028e800 JavaThread "DestroyJavaVM" [_thread_blocked, id=7396, stack(0x0000000002860000,0x0000000002960000)]
  0x0000000022663800 JavaThread "Thread-5" [_thread_in_native, id=8964, stack(0x00000000232c0000,0x00000000233c0000)]
  0x0000000022662800 JavaThread "TimerQueue" daemon [_thread_blocked, id=4216, stack(0x0000000021a10000,0x0000000021b10000)]
  0x00000000224aa800 JavaThread "Thread-4" [_thread_blocked, id=6808, stack(0x0000000022ea0000,0x0000000022fa0000)]
  0x000000001d554800 JavaThread "Thread-2" [_thread_blocked, id=9112, stack(0x0000000020e80000,0x0000000020f80000)]
=>0x000000001d547000 JavaThread "AWT-EventQueue-0" [_thread_in_native, id=2076, stack(0x0000000020d80000,0x0000000020e80000)]
  0x000000001d4c9000 JavaThread "Image Fetcher 0" daemon [_thread_blocked, id=6804, stack(0x000000001e7e0000,0x000000001e8e0000)]
  0x000000001d4bd000 JavaThread "AWT-Windows" daemon [_thread_in_native, id=6460, stack(0x000000001ddc0000,0x000000001dec0000)]
  0x000000001d4bc000 JavaThread "AWT-Shutdown" [_thread_blocked, id=5432, stack(0x000000001db80000,0x000000001dc80000)]
  0x000000001d4bb800 JavaThread "Java2D Disposer" daemon [_thread_blocked, id=7084, stack(0x000000001c350000,0x000000001c450000)]
  0x000000001b26f000 JavaThread "Service Thread" daemon [_thread_blocked, id=4324, stack(0x000000001d130000,0x000000001d230000)]
  0x000000001b20d000 JavaThread "C1 CompilerThread3" daemon [_thread_blocked, id=6996, stack(0x000000001cf40000,0x000000001d040000)]
  0x000000001b1ea000 JavaThread "C2 CompilerThread2" daemon [_thread_blocked, id=6332, stack(0x000000001cd30000,0x000000001ce30000)]
  0x000000001b1e5000 JavaThread "C2 CompilerThread1" daemon [_thread_blocked, id=8432, stack(0x000000001cc10000,0x000000001cd10000)]
  0x000000001b1dc800 JavaThread "C2 CompilerThread0" daemon [_thread_blocked, id=8908, stack(0x000000001c140000,0x000000001c240000)]
  0x000000001b1d9800 JavaThread "Attach Listener" daemon [_thread_blocked, id=4636, stack(0x000000001c9a0000,0x000000001caa0000)]
  0x000000001b1d9000 JavaThread "Signal Dispatcher" daemon [_thread_blocked, id=9028, stack(0x000000001c850000,0x000000001c950000)]
  0x000000001a21e000 JavaThread "Finalizer" daemon [_thread_blocked, id=1916, stack(0x000000001c670000,0x000000001c770000)]
  0x000000001a217000 JavaThread "Reference Handler" daemon [_thread_blocked, id=9024, stack(0x000000001c4a0000,0x000000001c5a0000)]

Other Threads:
  0x000000001b173000 VMThread [stack: 0x000000001c250000,0x000000001c350000] [id=3220]
  0x000000001b342800 WatcherThread [stack: 0x000000001d240000,0x000000001d340000] [id=9144]

VM state:not at safepoint (normal execution)

VM Mutex/Monitor currently owned by a thread: None

Heap:
 PSYoungGen      total 57344K, used 30901K [0x0000000780100000, 0x0000000784100000, 0x00000007c0000000)
  eden space 49152K, 62% used [0x0000000780100000,0x0000000781f2d4e8,0x0000000783100000)
  from space 8192K, 0% used [0x0000000783900000,0x0000000783900000,0x0000000784100000)
  to   space 8192K, 0% used [0x0000000783100000,0x0000000783100000,0x0000000783900000)
 ParOldGen       total 131072K, used 0K [0x0000000700200000, 0x0000000708200000, 0x0000000780100000)
  object space 131072K, 0% used [0x0000000700200000,0x0000000700200000,0x0000000708200000)
 Metaspace       used 14527K, capacity 14732K, committed 15104K, reserved 1062912K
  class space    used 1890K, capacity 1967K, committed 2048K, reserved 1048576K

Card table byte_map: [0x0000000011d20000,0x0000000012320000] byte_map_base: 0x000000000e51f000

Marking Bits: (ParMarkBitMap*) 0x0000000070a9a5b0
 Begin Bits: [0x0000000013240000, 0x0000000016238000)
 End Bits:   [0x0000000016238000, 0x0000000019230000)

Polling page: 0x00000000000b0000

CodeCache: size=245760Kb used=4351Kb max_used=4358Kb free=241408Kb
 bounds [0x0000000002960000, 0x0000000002db0000, 0x0000000011960000]
 total_blobs=1774 nmethods=1256 adapters=431
 compilation: enabled

Compilation events (10 events):
Event: 3.886 Thread 0x000000001b20d000 nmethod 1253 0x0000000002d9fb50 code [0x0000000002d9fd00, 0x0000000002da02e8]
Event: 3.886 Thread 0x000000001b20d000 1254       3       java.awt.Container::invalidate (29 bytes)
Event: 3.887 Thread 0x000000001b20d000 nmethod 1254 0x0000000002da0610 code [0x0000000002da07a0, 0x0000000002da0c58]
Event: 3.887 Thread 0x000000001b20d000 1255  s    3       sun.misc.URLClassPath::getLookupCache (98 bytes)
Event: 3.887 Thread 0x000000001b20d000 nmethod 1255 0x0000000002da0d50 code [0x0000000002da0ee0, 0x0000000002da1458]
Event: 3.887 Thread 0x000000001b20d000 1256  s    3       java.lang.StringBuffer::append (13 bytes)
Event: 3.888 Thread 0x000000001b1dc800 nmethod 1251 0x0000000002d9ce50 code [0x0000000002d9cf80, 0x0000000002d9d0f8]
Event: 3.888 Thread 0x000000001b20d000 nmethod 1256 0x0000000002da3dd0 code [0x0000000002da3f40, 0x0000000002da4268]
Event: 3.890 Thread 0x000000001b20d000 1257       3       java.io.WinNTFileSystem::normalize (143 bytes)
Event: 3.890 Thread 0x000000001b20d000 nmethod 1257 0x0000000002da3010 code [0x0000000002da3200, 0x0000000002da3a28]

GC Heap History (0 events):
No events

Deoptimization events (10 events):
Event: 0.606 Thread 0x000000000028e800 Uncommon trap: reason=unstable_if action=reinterpret pc=0x0000000002befeac method=java.util.HashMap.resize()[Ljava/util/HashMap$Node; @ 56
Event: 0.613 Thread 0x000000000028e800 Uncommon trap: reason=unstable_if action=reinterpret pc=0x0000000002b1d3a8 method=java.util.HashMap.hash(Ljava/lang/Object;)I @ 1
Event: 0.636 Thread 0x000000000028e800 Uncommon trap: reason=class_check action=maybe_recompile pc=0x0000000002b62fd0 method=java.util.HashMap.getNode(ILjava/lang/Object;)Ljava/util/HashMap$Node; @ 126
Event: 0.645 Thread 0x000000000028e800 Uncommon trap: reason=class_check action=maybe_recompile pc=0x0000000002b62fd0 method=java.util.HashMap.getNode(ILjava/lang/Object;)Ljava/util/HashMap$Node; @ 126
Event: 0.646 Thread 0x000000000028e800 Uncommon trap: reason=class_check action=maybe_recompile pc=0x0000000002b62fd0 method=java.util.HashMap.getNode(ILjava/lang/Object;)Ljava/util/HashMap$Node; @ 126
Event: 0.649 Thread 0x000000000028e800 Uncommon trap: reason=class_check action=maybe_recompile pc=0x0000000002b62fd0 method=java.util.HashMap.getNode(ILjava/lang/Object;)Ljava/util/HashMap$Node; @ 126
Event: 0.691 Thread 0x000000000028e800 Uncommon trap: reason=unstable_if action=reinterpret pc=0x0000000002bb0260 method=java.lang.ThreadLocal$ThreadLocalMap.getEntry(Ljava/lang/ThreadLocal;)Ljava/lang/ThreadLocal$ThreadLocalMap$Entry; @ 21
Event: 0.716 Thread 0x000000000028e800 Uncommon trap: reason=unstable_if action=reinterpret pc=0x0000000002b23620 method=java.lang.String.<init>([CII)V @ 18
Event: 0.885 Thread 0x000000000028e800 Uncommon trap: reason=unstable_if action=reinterpret pc=0x0000000002baa128 method=sun.font.TrueTypeFont.getDirectoryEntry(I)Lsun/font/TrueTypeFont$DirectoryEntry; @ 7
Event: 3.889 Thread 0x000000001d547000 Uncommon trap: reason=unstable_if action=reinterpret pc=0x0000000002b54714 method=java.io.WinNTFileSystem.normalize(Ljava/lang/String;)Ljava/lang/String; @ 128

Internal exceptions (10 events):
Event: 0.119 Thread 0x000000000028e800 Exception <a 'java/security/PrivilegedActionException'> (0x00000007801df9e8) thrown at [C:\re\workspace\8-2-build-windows-amd64-cygwin\jdk8u60\4407\hotspot\src\share\vm\prims\jvm.cpp, line 1386]
Event: 0.119 Thread 0x000000000028e800 Exception <a 'java/security/PrivilegedActionException'> (0x00000007801dfbf8) thrown at [C:\re\workspace\8-2-build-windows-amd64-cygwin\jdk8u60\4407\hotspot\src\share\vm\prims\jvm.cpp, line 1386]
Event: 0.127 Thread 0x000000000028e800 Exception <a 'java/io/FileNotFoundException'> (0x00000007803e1f88) thrown at [C:\re\workspace\8-2-build-windows-amd64-cygwin\jdk8u60\4407\hotspot\src\share\vm\prims\jni.cpp, line 709]
Event: 0.161 Thread 0x000000000028e800 Exception <a 'java/lang/NoSuchFieldError': method resolution failed> (0x00000007804afaf0) thrown at [C:\re\workspace\8-2-build-windows-amd64-cygwin\jdk8u60\4407\hotspot\src\share\vm\prims\methodHandles.cpp, line 1146]
Event: 0.163 Thread 0x000000000028e800 Exception <a 'java/lang/NoSuchFieldError': method resolution failed> (0x00000007804bd118) thrown at [C:\re\workspace\8-2-build-windows-amd64-cygwin\jdk8u60\4407\hotspot\src\share\vm\prims\methodHandles.cpp, line 1146]
Event: 0.220 Thread 0x000000000028e800 Exception <a 'java/io/FileNotFoundException'> (0x000000078056ef80) thrown at [C:\re\workspace\8-2-build-windows-amd64-cygwin\jdk8u60\4407\hotspot\src\share\vm\prims\jni.cpp, line 709]
Event: 0.601 Thread 0x000000000028e800 Implicit null exception at 0x0000000002b6ee16 to 0x0000000002b6f159
Event: 0.605 Thread 0x000000000028e800 Implicit null exception at 0x0000000002b64e58 to 0x0000000002b64ee6
Event: 0.613 Thread 0x000000000028e800 Implicit null exception at 0x0000000002b1d32f to 0x0000000002b1d399
Event: 0.691 Thread 0x000000000028e800 Implicit null exception at 0x0000000002bb01c0 to 0x0000000002bb0241

Events (10 events):
Event: 3.884 loading class javax/swing/text/AbstractDocument$UndoRedoDocumentEvent done
Event: 3.886 loading class cn/hisdar/lib/local/Windows
Event: 3.886 loading class cn/hisdar/lib/local/Windows done
Event: 3.887 loading class cn/hisdar/HFolderDialog/HFolderDialog
Event: 3.887 loading class cn/hisdar/HFolderDialog/HFolderDialog done
Event: 3.887 loading class java/lang/ClassLoaderHelper
Event: 3.887 loading class java/lang/ClassLoaderHelper done
Event: 3.889 Thread 0x000000001d547000 Uncommon trap: trap_request=0xffffff65 fr.pc=0x0000000002b54714
Event: 3.889 Thread 0x000000001d547000 DEOPT PACKING pc=0x0000000002b54714 sp=0x0000000020e790c0
Event: 3.889 Thread 0x000000001d547000 DEOPT UNPACKING pc=0x00000000029a582a sp=0x0000000020e79050 mode 2


Dynamic libraries:
0x000000013f150000 - 0x000000013f187000 	D:\Program Files\Java\jre1.8.0_60\bin\javaw.exe
0x0000000077300000 - 0x00000000774aa000 	C:\Windows\SYSTEM32\ntdll.dll
0x00000000770e0000 - 0x00000000771ff000 	C:\Windows\system32\kernel32.dll
0x000007fefd100000 - 0x000007fefd16a000 	C:\Windows\system32\KERNELBASE.dll
0x000007fefda70000 - 0x000007fefdb4b000 	C:\Windows\system32\ADVAPI32.dll
0x000007feff570000 - 0x000007feff60f000 	C:\Windows\system32\msvcrt.dll
0x000007feff3e0000 - 0x000007feff3ff000 	C:\Windows\SYSTEM32\sechost.dll
0x000007fefe090000 - 0x000007fefe1bd000 	C:\Windows\system32\RPCRT4.dll
0x0000000077200000 - 0x00000000772fa000 	C:\Windows\system32\USER32.dll
0x000007fefe020000 - 0x000007fefe087000 	C:\Windows\system32\GDI32.dll
0x000007fefe010000 - 0x000007fefe01e000 	C:\Windows\system32\LPK.dll
0x000007fefd9a0000 - 0x000007fefda6a000 	C:\Windows\system32\USP10.dll
0x000007fefbac0000 - 0x000007fefbcb4000 	C:\Windows\WinSxS\amd64_microsoft.windows.common-controls_6595b64144ccf1df_6.0.7601.18837_none_fa3b1e3d17594757\COMCTL32.dll
0x000007fefd3d0000 - 0x000007fefd441000 	C:\Windows\system32\SHLWAPI.dll
0x000007fefd3a0000 - 0x000007fefd3ce000 	C:\Windows\system32\IMM32.DLL
0x000007fefdf00000 - 0x000007fefe009000 	C:\Windows\system32\MSCTF.dll
0x0000000055b10000 - 0x0000000055be2000 	D:\Program Files\Java\jre1.8.0_60\bin\msvcr100.dll
0x0000000070290000 - 0x0000000070b19000 	D:\Program Files\Java\jre1.8.0_60\bin\server\jvm.dll
0x000007fefb310000 - 0x000007fefb319000 	C:\Windows\system32\WSOCK32.dll
0x000007feff390000 - 0x000007feff3dd000 	C:\Windows\system32\WS2_32.dll
0x000007fefd370000 - 0x000007fefd378000 	C:\Windows\system32\NSI.dll
0x000007fefcf30000 - 0x000007fefcf6b000 	C:\Windows\system32\WINMM.dll
0x000007fefbfb0000 - 0x000007fefbfbc000 	C:\Windows\system32\VERSION.dll
0x00000000774d0000 - 0x00000000774d7000 	C:\Windows\system32\PSAPI.DLL
0x0000000055b00000 - 0x0000000055b0f000 	D:\Program Files\Java\jre1.8.0_60\bin\verify.dll
0x0000000055ad0000 - 0x0000000055af9000 	D:\Program Files\Java\jre1.8.0_60\bin\java.dll
0x0000000055ab0000 - 0x0000000055ac6000 	D:\Program Files\Java\jre1.8.0_60\bin\zip.dll
0x000007fefe480000 - 0x000007feff208000 	C:\Windows\system32\SHELL32.dll
0x000007fefd5b0000 - 0x000007fefd7b3000 	C:\Windows\system32\ole32.dll
0x000007fefcf20000 - 0x000007fefcf2f000 	C:\Windows\system32\profapi.dll
0x0000000077730000 - 0x00000000778c8000 	D:\Program Files\Java\jre1.8.0_60\bin\awt.dll
0x000007feff2b0000 - 0x000007feff38a000 	C:\Windows\system32\OLEAUT32.dll
0x000007fefb8e0000 - 0x000007fefb936000 	C:\Windows\system32\uxtheme.dll
0x000007fefd010000 - 0x000007fefd028000 	C:\Windows\system32\dwmapi.dll
0x000007fefcdb0000 - 0x000007fefcdbf000 	C:\Windows\system32\CRYPTBASE.dll
0x000007fef3e20000 - 0x000007fef401f000 	C:\Windows\system32\d3d9.dll
0x000007fef3e10000 - 0x000007fef3e17000 	C:\Windows\system32\d3d8thk.dll
0x000007fef91b0000 - 0x000007fef9328000 	C:\Windows\system32\aticfx64.dll
0x000007fef2b10000 - 0x000007fef2b39000 	C:\Windows\system32\atiu9p64.dll
0x000007feebe10000 - 0x000007feec67e000 	C:\Windows\system32\atiumd64.dll
0x000000005e870000 - 0x000000005f257000 	C:\Windows\system32\atiumd6a.dll
0x000007fefd340000 - 0x000007fefd36c000 	C:\Windows\system32\POWRPROF.dll
0x000007fefd7c0000 - 0x000007fefd997000 	C:\Windows\system32\SETUPAPI.dll
0x000007fefcfc0000 - 0x000007fefcff6000 	C:\Windows\system32\CFGMGR32.dll
0x000007fefd180000 - 0x000007fefd19a000 	C:\Windows\system32\DEVOBJ.dll
0x0000000055a60000 - 0x0000000055aa7000 	D:\Program Files\Java\jre1.8.0_60\bin\fontmanager.dll
0x0000000055a40000 - 0x0000000055a5a000 	D:\Program Files\Java\jre1.8.0_60\bin\net.dll
0x000007fefc680000 - 0x000007fefc6d5000 	C:\Windows\system32\mswsock.dll
0x000007fefc670000 - 0x000007fefc677000 	C:\Windows\System32\wship6.dll
0x0000000055a20000 - 0x0000000055a31000 	D:\Program Files\Java\jre1.8.0_60\bin\nio.dll
0x000007fefb0f0000 - 0x000007fefb18c000 	C:\Windows\system32\mscms.dll
0x000007fefd1a0000 - 0x000007fefd1be000 	C:\Windows\system32\USERENV.dll
0x000007fef2ac0000 - 0x000007fef2b02000 	C:\Windows\system32\icm32.dll
0x00000000559d0000 - 0x0000000055a12000 	D:\Program Files\Java\jre1.8.0_60\bin\t2k.dll
0x000007fefaa40000 - 0x000007fefaa55000 	C:\Windows\system32\NLAapi.dll
0x000007fef1b50000 - 0x000007fef1b65000 	C:\Windows\system32\napinsp.dll
0x000007fef1b10000 - 0x000007fef1b29000 	C:\Windows\system32\pnrpnsp.dll
0x000007fefc500000 - 0x000007fefc55b000 	C:\Windows\system32\DNSAPI.dll
0x000007fefb2c0000 - 0x000007fefb2cb000 	C:\Windows\System32\winrnr.dll
0x000007fefb2b0000 - 0x000007fefb2c0000 	C:\Windows\system32\wshbth.dll
0x000007fefc0a0000 - 0x000007fefc0a7000 	C:\Windows\System32\wshtcpip.dll
0x000007fefa860000 - 0x000007fefa887000 	C:\Windows\system32\IPHLPAPI.DLL
0x000007fefa850000 - 0x000007fefa85b000 	C:\Windows\system32\WINNSI.DLL
0x000007fef3010000 - 0x000007fef3018000 	C:\Windows\system32\rasadhlp.dll
0x000007fefa6e0000 - 0x000007fefa733000 	C:\Windows\System32\fwpuclnt.dll
0x000007fefdb50000 - 0x000007fefdbe9000 	C:\Windows\system32\CLBCatQ.DLL
0x000007fefb320000 - 0x000007fefb481000 	C:\Windows\system32\WindowsCodecs.dll
0x000007fefcd50000 - 0x000007fefcda7000 	C:\Windows\system32\apphelp.dll
0x000007fef8be0000 - 0x000007fef8c58000 	C:\Program Files (x86)\360\360Safe\safemon\360UDiskGuard64.dll
0x000007fef6e20000 - 0x000007fef7060000 	D:\PROGRA~1\MICROS~1\Office15\GROOVEEX.DLL
0x0000000012a10000 - 0x0000000012aa8000 	C:\Windows\system32\MSVCP100.dll
0x0000000072cb0000 - 0x0000000072cdb000 	C:\Windows\system32\ATL100.DLL
0x000007fef6960000 - 0x000007fef6c7e000 	C:\Windows\system32\msi.dll
0x000007fef5c30000 - 0x000007fef648d000 	D:\PROGRA~1\MICROS~1\Office15\2052\GrooveIntlResource.dll
0x000007fef5b70000 - 0x000007fef5ba5000 	C:\Windows\system32\EhStorShell.dll
0x000007fefb940000 - 0x000007fefba6c000 	C:\Windows\system32\PROPSYS.dll
0x000007fef5af0000 - 0x000007fef5b6e000 	C:\Windows\System32\cscui.dll
0x000007fef5ae0000 - 0x000007fef5aec000 	C:\Windows\System32\CSCDLL.dll
0x000007fef8890000 - 0x000007fef889f000 	C:\Windows\system32\CSCAPI.dll
0x000007fef5a60000 - 0x000007fef5ae0000 	C:\Windows\system32\ntshrui.dll
0x000007fefc930000 - 0x000007fefc953000 	C:\Windows\system32\srvcli.dll
0x000007fefa940000 - 0x000007fefa94b000 	C:\Windows\system32\slc.dll
0x000007fef2bf0000 - 0x000007fef2bfa000 	E:\Workspace\EclipseWorkspace\AndroidDeveloper\ComputerRemote\lib\JNI-Windows_x64.dll
0x0000000079ac0000 - 0x000000007a023000 	C:\Windows\system32\mfc100u.dll
0x000007fefaf10000 - 0x000007fefaf17000 	C:\Windows\system32\MSIMG32.dll
0x00000000559c0000 - 0x00000000559c9000 	C:\Windows\system32\MFC100CHS.DLL
0x000007fef9740000 - 0x000007fef9865000 	C:\Windows\system32\dbghelp.dll

VM Arguments:
jvm_args: -Dfile.encoding=GBK 
java_command: cn.hisdar.computerremote.Main
java_class_path (initial): E:\Workspace\EclipseWorkspace\AndroidDeveloper\ComputerRemote\bin;E:\Workspace\EclipseWorkspace\Classic\HisdarLib\bin;E:\Workspace\EclipseWorkspace\Classic\HisdarLib\lib\commons-compress-1.9.jar;E:\Workspace\EclipseWorkspace\Classic\HisdarLib\lib\commons-compress-1.9-javadoc.jar;E:\Workspace\EclipseWorkspace\AndroidDeveloper\ComputerRemoteCommon\bin
Launcher Type: SUN_STANDARD

Environment Variables:
PATH=D:/Program Files/Java/jre1.8.0_73/bin/server;D:/Program Files/Java/jre1.8.0_73/bin;D:/Program Files/Java/jre1.8.0_73/lib/amd64;D:\Program Files\eclipse\Eclipse-Android\sdk\platform-tools;C:\ProgramData\Oracle\Java\javapath;C:\Windows\system32;C:\Windows;C:\Windows\System32\Wbem;C:\Windows\System32\WindowsPowerShell\v1.0\;C:\Program Files (x86)\Microsoft SQL Server\100\Tools\Binn\;C:\Program Files\Microsoft SQL Server\100\Tools\Binn\;C:\Program Files\Microsoft SQL Server\100\DTS\Binn\;C:\Program Files (x86)\Common Files\Thunder Network\KanKan\Codecs;D:\Program Files\eclipse\Eclipse-Clasicc;
USERNAME=Hisdar
OS=Windows_NT
PROCESSOR_IDENTIFIER=Intel64 Family 6 Model 26 Stepping 5, GenuineIntel



---------------  S Y S T E M  ---------------

OS: Windows 7 , 64 bit Build 7601 (6.1.7601.23569)

CPU:total 8 (4 cores per cpu, 2 threads per core) family 6 model 26 stepping 5, cmov, cx8, fxsr, mmx, sse, sse2, sse3, ssse3, sse4.1, sse4.2, popcnt, ht, tsc, tscinvbit, tscinv

Memory: 4k page, physical 12573944k(7971572k free), swap 25146028k(19174432k free)

vm_info: Java HotSpot(TM) 64-Bit Server VM (25.60-b23) for windows-amd64 JRE (1.8.0_60-b27), built on Aug  4 2015 11:06:27 by "java_re" with MS VC++ 10.0 (VS2010)

time: Thu Feb 02 14:58:04 2017
elapsed time: 3 seconds (0d 0h 0m 3s)

